# JRE version: OpenJDK Runtime Environment (11.0.14+9) (build 11.0.14+9-Ubuntu-0ubuntu2.18.04)
# Java VM: OpenJDK 64-Bit Server VM (11.0.14+9-Ubuntu-0ubuntu2.18.04, mixed mode, sharing, tiered, compressed oops, g1 gc, linux-amd64)
Heap:
 garbage-first heap   total 970752K, used 153800K [0x0000000085200000, 0x0000000100000000)
  region size 1024K, 18 young (18432K), 18 survivors (18432K)
 Metaspace       used 9166K, capacity 9467K, committed 9856K, reserved 1058816K
  class space    used 895K, capacity 1026K, committed 1152K, reserved 1048576K
GC Heap History (20 events):
Event: 7,778 GC heap after
{Heap after GC invocations=21 (full 0):
 garbage-first heap   total 428032K, used 142557K [0x0000000085200000, 0x0000000100000000)
  region size 1024K, 17 young (17408K), 17 survivors (17408K)
 Metaspace       used 8972K, capacity 9258K, committed 9600K, reserved 1058816K
  class space    used 895K, capacity 1025K, committed 1152K, reserved 1048576K
}
Event: 8,122 GC heap before
{Heap before GC invocations=21 (full 0):
 garbage-first heap   total 428032K, used 279773K [0x0000000085200000, 0x0000000100000000)
  region size 1024K, 147 young (150528K), 17 survivors (17408K)
 Metaspace       used 8984K, capacity 9259K, committed 9600K, reserved 1058816K
  class space    used 895K, capacity 1025K, committed 1152K, reserved 1048576K
}
Event: 8,141 GC heap after
{Heap after GC invocations=22 (full 0):
 garbage-first heap   total 428032K, used 172565K [0x0000000085200000, 0x0000000100000000)
  region size 1024K, 19 young (19456K), 19 survivors (19456K)
 Metaspace       used 8984K, capacity 9259K, committed 9600K, reserved 1058816K
  class space    used 895K, capacity 1025K, committed 1152K, reserved 1048576K
}
Event: 8,302 GC heap before
{Heap before GC invocations=22 (full 0):
 garbage-first heap   total 428032K, used 293397K [0x0000000085200000, 0x0000000100000000)
  region size 1024K, 136 young (139264K), 19 survivors (19456K)
 Metaspace       used 8985K, capacity 9259K, committed 9600K, reserved 1058816K
  class space    used 895K, capacity 1025K, committed 1152K, reserved 1048576K
}
Event: 8,319 GC heap after
{Heap after GC invocations=23 (full 0):
 garbage-first heap   total 496640K, used 197220K [0x0000000085200000, 0x0000000100000000)
  region size 1024K, 17 young (17408K), 17 survivors (17408K)
 Metaspace       used 8985K, capacity 9259K, committed 9600K, reserved 1058816K
  class space    used 895K, capacity 1025K, committed 1152K, reserved 1048576K
}
Event: 8,573 GC heap before
{Heap before GC invocations=23 (full 0):
 garbage-first heap   total 496640K, used 334436K [0x0000000085200000, 0x0000000100000000)
  region size 1024K, 150 young (153600K), 17 survivors (17408K)
 Metaspace       used 9055K, capacity 9323K, committed 9600K, reserved 1058816K
  class space    used 895K, capacity 1025K, committed 1152K, reserved 1048576K
}
Event: 8,612 GC heap after
{Heap after GC invocations=24 (full 0):
 garbage-first heap   total 496640K, used 228040K [0x0000000085200000, 0x0000000100000000)
  region size 1024K, 19 young (19456K), 19 survivors (19456K)
 Metaspace       used 9055K, capacity 9323K, committed 9600K, reserved 1058816K
  class space    used 895K, capacity 1025K, committed 1152K, reserved 1048576K
}
Event: 8,893 GC heap before
{Heap before GC invocations=24 (full 0):
 garbage-first heap   total 496640K, used 356040K [0x0000000085200000, 0x0000000100000000)
  region size 1024K, 145 young (148480K), 19 survivors (19456K)
 Metaspace       used 9055K, capacity 9323K, committed 9600K, reserved 1058816K
  class space    used 895K, capacity 1025K, committed 1152K, reserved 1048576K
}
Event: 8,911 GC heap after
{Heap after GC invocations=25 (full 0):
 garbage-first heap   total 496640K, used 249503K [0x0000000085200000, 0x0000000100000000)
  region size 1024K, 19 young (19456K), 19 survivors (19456K)
 Metaspace       used 9055K, capacity 9323K, committed 9600K, reserved 1058816K
  class space    used 895K, capacity 1025K, committed 1152K, reserved 1048576K
}
Event: 10,044 GC heap before
{Heap before GC invocations=25 (full 0):
 garbage-first heap   total 496640K, used 311967K [0x0000000085200000, 0x0000000100000000)
  region size 1024K, 81 young (82944K), 19 survivors (19456K)
 Metaspace       used 9055K, capacity 9323K, committed 9600K, reserved 1058816K
  class space    used 895K, capacity 1025K, committed 1152K, reserved 1048576K
}
Event: 10,372 GC heap after
{Heap after GC invocations=26 (full 0):
 garbage-first heap   total 496640K, used 258760K [0x0000000085200000, 0x0000000100000000)
  region size 1024K, 9 young (9216K), 9 survivors (9216K)
 Metaspace       used 9055K, capacity 9323K, committed 9600K, reserved 1058816K
  class space    used 895K, capacity 1025K, committed 1152K, reserved 1048576K
}
Event: 19,539 GC heap before
{Heap before GC invocations=27 (full 0):
 garbage-first heap   total 496640K, used 206536K [0x0000000085200000, 0x0000000100000000)
  region size 1024K, 132 young (135168K), 9 survivors (9216K)
 Metaspace       used 9058K, capacity 9323K, committed 9600K, reserved 1058816K
  class space    used 895K, capacity 1025K, committed 1152K, reserved 1048576K
}
Event: 20,328 GC heap after
{Heap after GC invocations=28 (full 0):
 garbage-first heap   total 496640K, used 106608K [0x0000000085200000, 0x0000000100000000)
  region size 1024K, 17 young (17408K), 17 survivors (17408K)
 Metaspace       used 9058K, capacity 9323K, committed 9600K, reserved 1058816K
  class space    used 895K, capacity 1025K, committed 1152K, reserved 1048576K
}
Event: 20,485 GC heap before
{Heap before GC invocations=28 (full 0):
 garbage-first heap   total 496640K, used 113776K [0x0000000085200000, 0x0000000100000000)
  region size 1024K, 24 young (24576K), 17 survivors (17408K)
 Metaspace       used 9058K, capacity 9323K, committed 9600K, reserved 1058816K
  class space    used 895K, capacity 1025K, committed 1152K, reserved 1048576K
}
Event: 20,519 GC heap after
{Heap after GC invocations=29 (full 0):
 garbage-first heap   total 496640K, used 91641K [0x0000000085200000, 0x0000000100000000)
  region size 1024K, 3 young (3072K), 3 survivors (3072K)
 Metaspace       used 9058K, capacity 9323K, committed 9600K, reserved 1058816K
  class space    used 895K, capacity 1025K, committed 1152K, reserved 1048576K
}
Event: 23,175 GC heap before
{Heap before GC invocations=29 (full 0):
 garbage-first heap   total 496640K, used 281081K [0x0000000085200000, 0x0000000100000000)
  region size 1024K, 187 young (191488K), 3 survivors (3072K)
 Metaspace       used 9080K, capacity 9333K, committed 9600K, reserved 1058816K
  class space    used 895K, capacity 1025K, committed 1152K, reserved 1048576K
}
Event: 23,195 GC heap after
{Heap after GC invocations=30 (full 0):
 garbage-first heap   total 496640K, used 133694K [0x0000000085200000, 0x0000000100000000)
  region size 1024K, 24 young (24576K), 24 survivors (24576K)
 Metaspace       used 9080K, capacity 9333K, committed 9600K, reserved 1058816K
  class space    used 895K, capacity 1025K, committed 1152K, reserved 1048576K
}
Event: 23,217 GC heap before
{Heap before GC invocations=30 (full 0):
 garbage-first heap   total 496640K, used 158270K [0x0000000085200000, 0x0000000100000000)
  region size 1024K, 49 young (50176K), 24 survivors (24576K)
 Metaspace       used 9080K, capacity 9333K, committed 9600K, reserved 1058816K
  class space    used 895K, capacity 1025K, committed 1152K, reserved 1048576K
}
Event: 23,326 GC heap after
{Heap after GC invocations=31 (full 0):
 garbage-first heap   total 496640K, used 139890K [0x0000000085200000, 0x0000000100000000)
  region size 1024K, 5 young (5120K), 5 survivors (5120K)
 Metaspace       used 9080K, capacity 9333K, committed 9600K, reserved 1058816K
  class space    used 895K, capacity 1025K, committed 1152K, reserved 1048576K
}
Event: 72,515 GC heap before
{Heap before GC invocations=32 (full 0):
 garbage-first heap   total 496640K, used 274034K [0x0000000085200000, 0x0000000100000000)
  region size 1024K, 139 young (142336K), 5 survivors (5120K)
 Metaspace       used 9166K, capacity 9467K, committed 9856K, reserved 1058816K
  class space    used 895K, capacity 1026K, committed 1152K, reserved 1048576K
}

